[2024-10-29 17:06:45] local.ERROR: Invalid URI "http://localhost:9000" given (EINVAL) {"exception":"[object] (InvalidArgumentException(code: 22): Invalid URI \"http://localhost:9000\" given (EINVAL) at /mnt/d/conscientia_health_backend/vendor/react/socket/src/TcpServer.php:161)
[stacktrace]
#0 /mnt/d/conscientia_health_backend/vendor/react/socket/src/SocketServer.php(65): React\\Socket\\TcpServer->__construct('http://localhos...', Object(React\\EventLoop\\StreamSelectLoop), Array)
#1 /mnt/d/conscientia_health_backend/vendor/laravel/reverb/src/Servers/Reverb/Factory.php(60): React\\Socket\\SocketServer->__construct('http://localhos...', Array, Object(React\\EventLoop\\StreamSelectLoop))
#2 /mnt/d/conscientia_health_backend/vendor/laravel/reverb/src/Servers/Reverb/Console/Commands/StartServer.php(57): Laravel\\Reverb\\Servers\\Reverb\\Factory::make('http://localhos...', '9000', 'localhost', 10000, Array, 'pusher', Object(React\\EventLoop\\StreamSelectLoop))
#3 /mnt/d/conscientia_health_backend/vendor/laravel/framework/src/Illuminate/Container/BoundMethod.php(36): Laravel\\Reverb\\Servers\\Reverb\\Console\\Commands\\StartServer->handle()
#4 /mnt/d/conscientia_health_backend/vendor/laravel/framework/src/Illuminate/Container/Util.php(41): Illuminate\\Container\\BoundMethod::Illuminate\\Container\\{closure}()
#5 /mnt/d/conscientia_health_backend/vendor/laravel/framework/src/Illuminate/Container/BoundMethod.php(93): Illuminate\\Container\\Util::unwrapIfClosure(Object(Closure))
#6 /mnt/d/conscientia_health_backend/vendor/laravel/framework/src/Illuminate/Container/BoundMethod.php(35): Illuminate\\Container\\BoundMethod::callBoundMethod(Object(Illuminate\\Foundation\\Application), Array, Object(Closure))
#7 /mnt/d/conscientia_health_backend/vendor/laravel/framework/src/Illuminate/Container/Container.php(662): Illuminate\\Container\\BoundMethod::call(Object(Illuminate\\Foundation\\Application), Array, Array, NULL)
#8 /mnt/d/conscientia_health_backend/vendor/laravel/framework/src/Illuminate/Console/Command.php(211): Illuminate\\Container\\Container->call(Array)
#9 /mnt/d/conscientia_health_backend/vendor/symfony/console/Command/Command.php(326): Illuminate\\Console\\Command->execute(Object(Symfony\\Component\\Console\\Input\\ArgvInput), Object(Illuminate\\Console\\OutputStyle))
#10 /mnt/d/conscientia_health_backend/vendor/laravel/framework/src/Illuminate/Console/Command.php(180): Symfony\\Component\\Console\\Command\\Command->run(Object(Symfony\\Component\\Console\\Input\\ArgvInput), Object(Illuminate\\Console\\OutputStyle))
#11 /mnt/d/conscientia_health_backend/vendor/symfony/console/Application.php(1096): Illuminate\\Console\\Command->run(Object(Symfony\\Component\\Console\\Input\\ArgvInput), Object(Symfony\\Component\\Console\\Output\\ConsoleOutput))
#12 /mnt/d/conscientia_health_backend/vendor/symfony/console/Application.php(324): Symfony\\Component\\Console\\Application->doRunCommand(Object(Laravel\\Reverb\\Servers\\Reverb\\Console\\Commands\\StartServer), Object(Symfony\\Component\\Console\\Input\\ArgvInput), Object(Symfony\\Component\\Console\\Output\\ConsoleOutput))
#13 /mnt/d/conscientia_health_backend/vendor/symfony/console/Application.php(175): Symfony\\Component\\Console\\Application->doRun(Object(Symfony\\Component\\Console\\Input\\ArgvInput), Object(Symfony\\Component\\Console\\Output\\ConsoleOutput))
#14 /mnt/d/conscientia_health_backend/vendor/laravel/framework/src/Illuminate/Foundation/Console/Kernel.php(201): Symfony\\Component\\Console\\Application->run(Object(Symfony\\Component\\Console\\Input\\ArgvInput), Object(Symfony\\Component\\Console\\Output\\ConsoleOutput))
#15 /mnt/d/conscientia_health_backend/artisan(35): Illuminate\\Foundation\\Console\\Kernel->handle(Object(Symfony\\Component\\Console\\Input\\ArgvInput), Object(Symfony\\Component\\Console\\Output\\ConsoleOutput))
#16 {main}
"} 
